app/build/outputs/logs/manifest-merger-release-report.txt
-- Merging decision tree log ---
manifest
ADDED from src\main\AndroidManifest.xml:2:1-76:12
	package
		ADDED from src\main\AndroidManifest.xml:3:7-57
		INJECTED from src\main\AndroidManifest.xml
		INJECTED from src\main\AndroidManifest.xml
	android:versionName
		ADDED from src\main\AndroidManifest.xml:5:7-35
	android:versionCode
		ADDED from src\main\AndroidManifest.xml:4:7-31
		INJECTED from src\main\AndroidManifest.xml
		INJECTED from src\main\AndroidManifest.xml
	xmlns:android
		ADDED from src\main\AndroidManifest.xml:2:11-69
uses-sdk
ADDED from src\main\AndroidManifest.xml:7:5-73
	android:targetSdkVersion
		ADDED from src\main\AndroidManifest.xml:7:42-71
		INJECTED from src\main\AndroidManifest.xml
		INJECTED from src\main\AndroidManifest.xml
	android:minSdkVersion
		ADDED from src\main\AndroidManifest.xml:7:15-41
		INJECTED from src\main\AndroidManifest.xml
		INJECTED from src\main\AndroidManifest.xml
supports-screens
ADDED from src\main\AndroidManifest.xml:9:9-12:40
	android:largeScreens
		ADDED from src\main\AndroidManifest.xml:9:28-55
	android:smallScreens
		ADDED from src\main\AndroidManifest.xml:11:13-40
	android:normalScreens
		ADDED from src\main\AndroidManifest.xml:10:13-41
	android:anyDensity
		ADDED from src\main\AndroidManifest.xml:12:13-38
uses-permission#android.permission.INTERNET
ADDED from src\main\AndroidManifest.xml:14:3-65
	android:name
		ADDED from src\main\AndroidManifest.xml:14:20-62
uses-permission#android.permission.WRITE_EXTERNAL_STORAGE
ADDED from src\main\AndroidManifest.xml:15:3-79
	android:name
		ADDED from src\main\AndroidManifest.xml:15:20-76
uses-permission#android.permission.READ_EXTERNAL_STORAGE
ADDED from src\main\AndroidManifest.xml:16:3-78
	android:name
		ADDED from src\main\AndroidManifest.xml:16:20-75
uses-permission#android.permission.ACCESS_NETWORK_STATE
ADDED from src\main\AndroidManifest.xml:17:3-77
	android:name
		ADDED from src\main\AndroidManifest.xml:17:20-74
uses-permission#android.permission.ACCESS_FINE_LOCATION
ADDED from src\main\AndroidManifest.xml:18:3-77
	android:name
		ADDED from src\main\AndroidManifest.xml:18:20-74
uses-permission#android.permission.CALL_PHONE
ADDED from src\main\AndroidManifest.xml:19:3-67
	android:name
		ADDED from src\main\AndroidManifest.xml:19:20-64
uses-permission#android.permission.SEND_SMS
ADDED from src\main\AndroidManifest.xml:20:3-64
	android:name
		ADDED from src\main\AndroidManifest.xml:20:20-62
uses-permission#android.permission.CAMERA
ADDED from src\main\AndroidManifest.xml:21:9-68
	android:name
		ADDED from src\main\AndroidManifest.xml:21:26-66
uses-feature#android.hardware.telephony
ADDED from src\main\AndroidManifest.xml:24:3-86
	android:required
		ADDED from src\main\AndroidManifest.xml:24:59-83
	android:name
		ADDED from src\main\AndroidManifest.xml:24:17-58
uses-feature#android.hardware.camera
ADDED from src\main\AndroidManifest.xml:25:3-83
	android:required
		ADDED from src\main\AndroidManifest.xml:25:56-80
	android:name
		ADDED from src\main\AndroidManifest.xml:25:17-55
uses-feature#android.hardware.camera.front
ADDED from src\main\AndroidManifest.xml:26:3-89
	android:required
		ADDED from src\main\AndroidManifest.xml:26:62-86
	android:name
		ADDED from src\main\AndroidManifest.xml:26:17-61
application
ADDED from src\main\AndroidManifest.xml:28:5-73:19
	android:label
		ADDED from src\main\AndroidManifest.xml:30:9-43
	android:allowBackup
		ADDED from src\main\AndroidManifest.xml:32:9-36
	android:icon
		ADDED from src\main\AndroidManifest.xml:29:9-38
	android:name
		ADDED from src\main\AndroidManifest.xml:31:9-78
activity#co.uk.sbsystems.android.jobtrackermobile.MainActivity
ADDED from src\main\AndroidManifest.xml:35:9-41:14
	android:label
		ADDED from src\main\AndroidManifest.xml:35:19-53
	android:name
		ADDED from src\main\AndroidManifest.xml:35:54-81
intent-filter#android.intent.action.MAIN+android.intent.category.LAUNCHER
ADDED from src\main\AndroidManifest.xml:36:10-39:19
action#android.intent.action.MAIN
ADDED from src\main\AndroidManifest.xml:37:4-56
	android:name
		ADDED from src\main\AndroidManifest.xml:37:12-53
category#android.intent.category.LAUNCHER
ADDED from src\main\AndroidManifest.xml:38:4-64
	android:name
		ADDED from src\main\AndroidManifest.xml:38:14-61
activity#co.uk.sbsystems.android.jobtrackermobile.activity2
ADDED from src\main\AndroidManifest.xml:44:9-55
	android:name
		ADDED from src\main\AndroidManifest.xml:44:19-43
activity#co.uk.sbsystems.android.jobtrackermobile.Signature
ADDED from src\main\AndroidManifest.xml:45:9-55
	android:name
		ADDED from src\main\AndroidManifest.xml:45:19-43
activity#co.uk.sbsystems.android.jobtrackermobile.Sketch
ADDED from src\main\AndroidManifest.xml:46:9-52
	android:name
		ADDED from src\main\AndroidManifest.xml:46:19-40
activity#co.uk.sbsystems.android.jobtrackermobile.NetworkSettings
ADDED from src\main\AndroidManifest.xml:47:9-61
	android:name
		ADDED from src\main\AndroidManifest.xml:47:19-49
activity#co.uk.sbsystems.android.jobtrackermobile.SearchJobs
ADDED from src\main\AndroidManifest.xml:48:9-56
	android:name
		ADDED from src\main\AndroidManifest.xml:48:19-44
activity#co.uk.sbsystems.android.jobtrackermobile.AssignEngineer
ADDED from src\main\AndroidManifest.xml:49:9-60
	android:name
		ADDED from src\main\AndroidManifest.xml:49:19-48
activity#co.uk.sbsystems.android.jobtrackermobile.LogTimes
ADDED from src\main\AndroidManifest.xml:50:9-54
	android:name
		ADDED from src\main\AndroidManifest.xml:50:19-42
activity#co.uk.sbsystems.android.jobtrackermobile.EditLogTimes
ADDED from src\main\AndroidManifest.xml:51:9-58
	android:name
		ADDED from src\main\AndroidManifest.xml:51:19-46
activity#co.uk.sbsystems.android.jobtrackermobile.CaptureSignature
ADDED from src\main\AndroidManifest.xml:52:9-62
	android:name
		ADDED from src\main\AndroidManifest.xml:52:19-50
activity#co.uk.sbsystems.android.jobtrackermobile.CaptureSketch
ADDED from src\main\AndroidManifest.xml:53:9-59
	android:name
		ADDED from src\main\AndroidManifest.xml:53:19-47
activity#co.uk.sbsystems.android.jobtrackermobile.PaperWork
ADDED from src\main\AndroidManifest.xml:54:9-55
	android:name
		ADDED from src\main\AndroidManifest.xml:54:19-43
activity#co.uk.sbsystems.android.jobtrackermobile.ListPartsRequired
ADDED from src\main\AndroidManifest.xml:55:9-63
	android:name
		ADDED from src\main\AndroidManifest.xml:55:19-51
activity#co.uk.sbsystems.android.jobtrackermobile.EditPartsRequired
ADDED from src\main\AndroidManifest.xml:56:9-63
	android:name
		ADDED from src\main\AndroidManifest.xml:56:19-51
activity#co.uk.sbsystems.android.jobtrackermobile.ListPartsUsed
ADDED from src\main\AndroidManifest.xml:57:9-59
	android:name
		ADDED from src\main\AndroidManifest.xml:57:19-47
activity#co.uk.sbsystems.android.jobtrackermobile.EditPartsUsed
ADDED from src\main\AndroidManifest.xml:58:9-59
	android:name
		ADDED from src\main\AndroidManifest.xml:58:19-47
activity#co.uk.sbsystems.android.jobtrackermobile.ListPayments
ADDED from src\main\AndroidManifest.xml:59:9-58
	android:name
		ADDED from src\main\AndroidManifest.xml:59:19-46
activity#co.uk.sbsystems.android.jobtrackermobile.EditPayments
ADDED from src\main\AndroidManifest.xml:60:9-58
	android:name
		ADDED from src\main\AndroidManifest.xml:60:19-46
activity#co.uk.sbsystems.android.jobtrackermobile.About
ADDED from src\main\AndroidManifest.xml:61:9-51
	android:name
		ADDED from src\main\AndroidManifest.xml:61:19-39
activity#co.uk.sbsystems.android.jobtrackermobile.EditSettings
ADDED from src\main\AndroidManifest.xml:62:9-58
	android:name
		ADDED from src\main\AndroidManifest.xml:62:19-46
activity#co.uk.sbsystems.android.jobtrackermobile.ClearCache
ADDED from src\main\AndroidManifest.xml:63:9-56
	android:name
		ADDED from src\main\AndroidManifest.xml:63:19-44
activity#co.uk.sbsystems.android.jobtrackermobile.ListFireHydrants
ADDED from src\main\AndroidManifest.xml:64:9-62
	android:name
		ADDED from src\main\AndroidManifest.xml:64:19-50
activity#co.uk.sbsystems.android.jobtrackermobile.EditFireHydrant
ADDED from src\main\AndroidManifest.xml:65:9-61
	android:name
		ADDED from src\main\AndroidManifest.xml:65:19-49
activity#co.uk.sbsystems.android.jobtrackermobile.ListRiserServices
ADDED from src\main\AndroidManifest.xml:66:9-63
	android:name
		ADDED from src\main\AndroidManifest.xml:66:19-51
activity#co.uk.sbsystems.android.jobtrackermobile.EditRiserService
ADDED from src\main\AndroidManifest.xml:67:9-62
	android:name
		ADDED from src\main\AndroidManifest.xml:67:19-50
activity#co.uk.sbsystems.android.jobtrackermobile.CapturePumpSignature
ADDED from src\main\AndroidManifest.xml:68:9-66
	android:name
		ADDED from src\main\AndroidManifest.xml:68:19-54
activity#co.uk.sbsystems.android.jobtrackermobile.C_Photos
ADDED from src\main\AndroidManifest.xml:69:9-54
	android:name
		ADDED from src\main\AndroidManifest.xml:69:19-42
activity#co.uk.sbsystems.android.jobtrackermobile.Custom_Camera
ADDED from src\main\AndroidManifest.xml:70:9-59
	android:name
		ADDED from src\main\AndroidManifest.xml:70:19-47